C:\Program Files (x86)\Microsoft Visual Studio\2019\Professional\MSBuild\Microsoft\VC\v160\Microsoft.CppBuild.targets(491,5): warning MSB8028: промежуточный каталог (Debug\) содержит файлы, которые используются совместно с другим проектом (Project3.vcxproj).  Это может привести к ошибкам очистки и перестроения.
  Assign_expression.cpp
C:\Users\pilip\git\SDiIS\Lab3\TreetypeRepresentaionAndInterpretationOfArithmetical_task\Project3\Reverse_polish_notation.h(26,51): warning C4290: спецификация исключений C++ игнорируется, кроме случая, когда указывается, что функция не является __declspec(nothrow)
C:\Users\pilip\git\SDiIS\Lab3\TreetypeRepresentaionAndInterpretationOfArithmetical_task\Project3\Users_functions.h(8,51): warning C4290: спецификация исключений C++ игнорируется, кроме случая, когда указывается, что функция не является __declspec(nothrow)
C:\Users\pilip\git\SDiIS\Lab3\TreetypeRepresentaionAndInterpretationOfArithmetical_task\Project3\Users_functions.h(9,50): warning C4290: спецификация исключений C++ игнорируется, кроме случая, когда указывается, что функция не является __declspec(nothrow)
C:\Users\pilip\git\SDiIS\Lab3\TreetypeRepresentaionAndInterpretationOfArithmetical_task\Project3\Users_functions.h(10,50): warning C4290: спецификация исключений C++ игнорируется, кроме случая, когда указывается, что функция не является __declspec(nothrow)
C:\Users\pilip\git\SDiIS\Lab3\TreetypeRepresentaionAndInterpretationOfArithmetical_task\Project3\Users_functions.h(11,50): warning C4290: спецификация исключений C++ игнорируется, кроме случая, когда указывается, что функция не является __declspec(nothrow)
C:\Users\pilip\git\SDiIS\Lab3\TreetypeRepresentaionAndInterpretationOfArithmetical_task\Project3\Users_functions.h(12,50): warning C4290: спецификация исключений C++ игнорируется, кроме случая, когда указывается, что функция не является __declspec(nothrow)
C:\Users\pilip\git\SDiIS\Lab3\TreetypeRepresentaionAndInterpretationOfArithmetical_task\Project3\Users_functions.h(13,49): warning C4290: спецификация исключений C++ игнорируется, кроме случая, когда указывается, что функция не является __declspec(nothrow)
C:\Users\pilip\git\SDiIS\Lab3\TreetypeRepresentaionAndInterpretationOfArithmetical_task\Project3\Expression_tree.h(48,59): warning C4290: спецификация исключений C++ игнорируется, кроме случая, когда указывается, что функция не является __declspec(nothrow)
C:\Users\pilip\git\SDiIS\Lab3\TreetypeRepresentaionAndInterpretationOfArithmetical_task\Project3\Assign_expression.h(11,70): warning C4290: спецификация исключений C++ игнорируется, кроме случая, когда указывается, что функция не является __declspec(nothrow)
C:\Users\pilip\git\SDiIS\Lab3\TreetypeRepresentaionAndInterpretationOfArithmetical_task\Project3\Assign_expression.cpp(21,88): warning C4290: спецификация исключений C++ игнорируется, кроме случая, когда указывается, что функция не является __declspec(nothrow)
C:\Users\pilip\git\SDiIS\Lab3\TreetypeRepresentaionAndInterpretationOfArithmetical_task\Project3\Assign_expression.cpp(29,24): warning C4018: <: несоответствие типов со знаком и без знака
C:\Users\pilip\git\SDiIS\Lab3\TreetypeRepresentaionAndInterpretationOfArithmetical_task\Project3\Assign_expression.cpp(59,20): warning C4018: <: несоответствие типов со знаком и без знака
  Expression.cpp
C:\Users\pilip\git\SDiIS\Lab3\TreetypeRepresentaionAndInterpretationOfArithmetical_task\Project3\Reverse_polish_notation.h(26,51): warning C4290: спецификация исключений C++ игнорируется, кроме случая, когда указывается, что функция не является __declspec(nothrow)
C:\Users\pilip\git\SDiIS\Lab3\TreetypeRepresentaionAndInterpretationOfArithmetical_task\Project3\Users_functions.h(8,51): warning C4290: спецификация исключений C++ игнорируется, кроме случая, когда указывается, что функция не является __declspec(nothrow)
C:\Users\pilip\git\SDiIS\Lab3\TreetypeRepresentaionAndInterpretationOfArithmetical_task\Project3\Users_functions.h(9,50): warning C4290: спецификация исключений C++ игнорируется, кроме случая, когда указывается, что функция не является __declspec(nothrow)
C:\Users\pilip\git\SDiIS\Lab3\TreetypeRepresentaionAndInterpretationOfArithmetical_task\Project3\Users_functions.h(10,50): warning C4290: спецификация исключений C++ игнорируется, кроме случая, когда указывается, что функция не является __declspec(nothrow)
C:\Users\pilip\git\SDiIS\Lab3\TreetypeRepresentaionAndInterpretationOfArithmetical_task\Project3\Users_functions.h(11,50): warning C4290: спецификация исключений C++ игнорируется, кроме случая, когда указывается, что функция не является __declspec(nothrow)
C:\Users\pilip\git\SDiIS\Lab3\TreetypeRepresentaionAndInterpretationOfArithmetical_task\Project3\Users_functions.h(12,50): warning C4290: спецификация исключений C++ игнорируется, кроме случая, когда указывается, что функция не является __declspec(nothrow)
C:\Users\pilip\git\SDiIS\Lab3\TreetypeRepresentaionAndInterpretationOfArithmetical_task\Project3\Users_functions.h(13,49): warning C4290: спецификация исключений C++ игнорируется, кроме случая, когда указывается, что функция не является __declspec(nothrow)
C:\Users\pilip\git\SDiIS\Lab3\TreetypeRepresentaionAndInterpretationOfArithmetical_task\Project3\Expression_tree.h(48,59): warning C4290: спецификация исключений C++ игнорируется, кроме случая, когда указывается, что функция не является __declspec(nothrow)
C:\Users\pilip\git\SDiIS\Lab3\TreetypeRepresentaionAndInterpretationOfArithmetical_task\Project3\Expression.cpp(7,20): warning C4018: <: несоответствие типов со знаком и без знака
  Expression_tree.cpp
C:\Users\pilip\git\SDiIS\Lab3\TreetypeRepresentaionAndInterpretationOfArithmetical_task\Project3\Reverse_polish_notation.h(26,51): warning C4290: спецификация исключений C++ игнорируется, кроме случая, когда указывается, что функция не является __declspec(nothrow)
C:\Users\pilip\git\SDiIS\Lab3\TreetypeRepresentaionAndInterpretationOfArithmetical_task\Project3\Users_functions.h(8,51): warning C4290: спецификация исключений C++ игнорируется, кроме случая, когда указывается, что функция не является __declspec(nothrow)
C:\Users\pilip\git\SDiIS\Lab3\TreetypeRepresentaionAndInterpretationOfArithmetical_task\Project3\Users_functions.h(9,50): warning C4290: спецификация исключений C++ игнорируется, кроме случая, когда указывается, что функция не является __declspec(nothrow)
C:\Users\pilip\git\SDiIS\Lab3\TreetypeRepresentaionAndInterpretationOfArithmetical_task\Project3\Users_functions.h(10,50): warning C4290: спецификация исключений C++ игнорируется, кроме случая, когда указывается, что функция не является __declspec(nothrow)
C:\Users\pilip\git\SDiIS\Lab3\TreetypeRepresentaionAndInterpretationOfArithmetical_task\Project3\Users_functions.h(11,50): warning C4290: спецификация исключений C++ игнорируется, кроме случая, когда указывается, что функция не является __declspec(nothrow)
C:\Users\pilip\git\SDiIS\Lab3\TreetypeRepresentaionAndInterpretationOfArithmetical_task\Project3\Users_functions.h(12,50): warning C4290: спецификация исключений C++ игнорируется, кроме случая, когда указывается, что функция не является __declspec(nothrow)
C:\Users\pilip\git\SDiIS\Lab3\TreetypeRepresentaionAndInterpretationOfArithmetical_task\Project3\Users_functions.h(13,49): warning C4290: спецификация исключений C++ игнорируется, кроме случая, когда указывается, что функция не является __declspec(nothrow)
C:\Users\pilip\git\SDiIS\Lab3\TreetypeRepresentaionAndInterpretationOfArithmetical_task\Project3\Expression_tree.h(48,59): warning C4290: спецификация исключений C++ игнорируется, кроме случая, когда указывается, что функция не является __declspec(nothrow)
C:\Users\pilip\git\SDiIS\Lab3\TreetypeRepresentaionAndInterpretationOfArithmetical_task\Project3\Expression_tree.cpp(69,75): warning C4290: спецификация исключений C++ игнорируется, кроме случая, когда указывается, что функция не является __declspec(nothrow)
C:\Users\pilip\git\SDiIS\Lab3\TreetypeRepresentaionAndInterpretationOfArithmetical_task\Project3\Expression_tree.cpp(100,13): warning C4244: return: преобразование "double" в "int", возможна потеря данных
  main.cpp
C:\Users\pilip\git\SDiIS\Lab3\TreetypeRepresentaionAndInterpretationOfArithmetical_task\Project3\Reverse_polish_notation.h(26,51): warning C4290: спецификация исключений C++ игнорируется, кроме случая, когда указывается, что функция не является __declspec(nothrow)
C:\Users\pilip\git\SDiIS\Lab3\TreetypeRepresentaionAndInterpretationOfArithmetical_task\Project3\Users_functions.h(8,51): warning C4290: спецификация исключений C++ игнорируется, кроме случая, когда указывается, что функция не является __declspec(nothrow)
C:\Users\pilip\git\SDiIS\Lab3\TreetypeRepresentaionAndInterpretationOfArithmetical_task\Project3\Users_functions.h(9,50): warning C4290: спецификация исключений C++ игнорируется, кроме случая, когда указывается, что функция не является __declspec(nothrow)
C:\Users\pilip\git\SDiIS\Lab3\TreetypeRepresentaionAndInterpretationOfArithmetical_task\Project3\Users_functions.h(10,50): warning C4290: спецификация исключений C++ игнорируется, кроме случая, когда указывается, что функция не является __declspec(nothrow)
C:\Users\pilip\git\SDiIS\Lab3\TreetypeRepresentaionAndInterpretationOfArithmetical_task\Project3\Users_functions.h(11,50): warning C4290: спецификация исключений C++ игнорируется, кроме случая, когда указывается, что функция не является __declspec(nothrow)
C:\Users\pilip\git\SDiIS\Lab3\TreetypeRepresentaionAndInterpretationOfArithmetical_task\Project3\Users_functions.h(12,50): warning C4290: спецификация исключений C++ игнорируется, кроме случая, когда указывается, что функция не является __declspec(nothrow)
C:\Users\pilip\git\SDiIS\Lab3\TreetypeRepresentaionAndInterpretationOfArithmetical_task\Project3\Users_functions.h(13,49): warning C4290: спецификация исключений C++ игнорируется, кроме случая, когда указывается, что функция не является __declspec(nothrow)
C:\Users\pilip\git\SDiIS\Lab3\TreetypeRepresentaionAndInterpretationOfArithmetical_task\Project3\Expression_tree.h(48,59): warning C4290: спецификация исключений C++ игнорируется, кроме случая, когда указывается, что функция не является __declspec(nothrow)
C:\Users\pilip\git\SDiIS\Lab3\TreetypeRepresentaionAndInterpretationOfArithmetical_task\Project3\Assign_expression.h(11,70): warning C4290: спецификация исключений C++ игнорируется, кроме случая, когда указывается, что функция не является __declspec(nothrow)
  Math_expression.cpp
C:\Users\pilip\git\SDiIS\Lab3\TreetypeRepresentaionAndInterpretationOfArithmetical_task\Project3\Reverse_polish_notation.h(26,51): warning C4290: спецификация исключений C++ игнорируется, кроме случая, когда указывается, что функция не является __declspec(nothrow)
C:\Users\pilip\git\SDiIS\Lab3\TreetypeRepresentaionAndInterpretationOfArithmetical_task\Project3\Users_functions.h(8,51): warning C4290: спецификация исключений C++ игнорируется, кроме случая, когда указывается, что функция не является __declspec(nothrow)
C:\Users\pilip\git\SDiIS\Lab3\TreetypeRepresentaionAndInterpretationOfArithmetical_task\Project3\Users_functions.h(9,50): warning C4290: спецификация исключений C++ игнорируется, кроме случая, когда указывается, что функция не является __declspec(nothrow)
C:\Users\pilip\git\SDiIS\Lab3\TreetypeRepresentaionAndInterpretationOfArithmetical_task\Project3\Users_functions.h(10,50): warning C4290: спецификация исключений C++ игнорируется, кроме случая, когда указывается, что функция не является __declspec(nothrow)
C:\Users\pilip\git\SDiIS\Lab3\TreetypeRepresentaionAndInterpretationOfArithmetical_task\Project3\Users_functions.h(11,50): warning C4290: спецификация исключений C++ игнорируется, кроме случая, когда указывается, что функция не является __declspec(nothrow)
C:\Users\pilip\git\SDiIS\Lab3\TreetypeRepresentaionAndInterpretationOfArithmetical_task\Project3\Users_functions.h(12,50): warning C4290: спецификация исключений C++ игнорируется, кроме случая, когда указывается, что функция не является __declspec(nothrow)
C:\Users\pilip\git\SDiIS\Lab3\TreetypeRepresentaionAndInterpretationOfArithmetical_task\Project3\Users_functions.h(13,49): warning C4290: спецификация исключений C++ игнорируется, кроме случая, когда указывается, что функция не является __declspec(nothrow)
C:\Users\pilip\git\SDiIS\Lab3\TreetypeRepresentaionAndInterpretationOfArithmetical_task\Project3\Expression_tree.h(48,59): warning C4290: спецификация исключений C++ игнорируется, кроме случая, когда указывается, что функция не является __declspec(nothrow)
  Reverse_polish_notation.cpp
C:\Users\pilip\git\SDiIS\Lab3\TreetypeRepresentaionAndInterpretationOfArithmetical_task\Project3\Reverse_polish_notation.h(26,51): warning C4290: спецификация исключений C++ игнорируется, кроме случая, когда указывается, что функция не является __declspec(nothrow)
C:\Users\pilip\git\SDiIS\Lab3\TreetypeRepresentaionAndInterpretationOfArithmetical_task\Project3\Reverse_polish_notation.cpp(21,20): warning C4018: <: несоответствие типов со знаком и без знака
C:\Users\pilip\git\SDiIS\Lab3\TreetypeRepresentaionAndInterpretationOfArithmetical_task\Project3\Reverse_polish_notation.cpp(93,75): warning C4290: спецификация исключений C++ игнорируется, кроме случая, когда указывается, что функция не является __declspec(nothrow)
C:\Users\pilip\git\SDiIS\Lab3\TreetypeRepresentaionAndInterpretationOfArithmetical_task\Project3\Reverse_polish_notation.cpp(122,20): warning C4018: <: несоответствие типов со знаком и без знака
C:\Users\pilip\git\SDiIS\Lab3\TreetypeRepresentaionAndInterpretationOfArithmetical_task\Project3\Reverse_polish_notation.cpp(166,20): warning C4018: <: несоответствие типов со знаком и без знака
  Users_functions.cpp
C:\Users\pilip\git\SDiIS\Lab3\TreetypeRepresentaionAndInterpretationOfArithmetical_task\Project3\Reverse_polish_notation.h(26,51): warning C4290: спецификация исключений C++ игнорируется, кроме случая, когда указывается, что функция не является __declspec(nothrow)
C:\Users\pilip\git\SDiIS\Lab3\TreetypeRepresentaionAndInterpretationOfArithmetical_task\Project3\Expression_tree.h(48,59): warning C4290: спецификация исключений C++ игнорируется, кроме случая, когда указывается, что функция не является __declspec(nothrow)
C:\Users\pilip\git\SDiIS\Lab3\TreetypeRepresentaionAndInterpretationOfArithmetical_task\Project3\Users_functions.h(8,51): warning C4290: спецификация исключений C++ игнорируется, кроме случая, когда указывается, что функция не является __declspec(nothrow)
C:\Users\pilip\git\SDiIS\Lab3\TreetypeRepresentaionAndInterpretationOfArithmetical_task\Project3\Users_functions.h(9,50): warning C4290: спецификация исключений C++ игнорируется, кроме случая, когда указывается, что функция не является __declspec(nothrow)
C:\Users\pilip\git\SDiIS\Lab3\TreetypeRepresentaionAndInterpretationOfArithmetical_task\Project3\Users_functions.h(10,50): warning C4290: спецификация исключений C++ игнорируется, кроме случая, когда указывается, что функция не является __declspec(nothrow)
C:\Users\pilip\git\SDiIS\Lab3\TreetypeRepresentaionAndInterpretationOfArithmetical_task\Project3\Users_functions.h(11,50): warning C4290: спецификация исключений C++ игнорируется, кроме случая, когда указывается, что функция не является __declspec(nothrow)
C:\Users\pilip\git\SDiIS\Lab3\TreetypeRepresentaionAndInterpretationOfArithmetical_task\Project3\Users_functions.h(12,50): warning C4290: спецификация исключений C++ игнорируется, кроме случая, когда указывается, что функция не является __declspec(nothrow)
C:\Users\pilip\git\SDiIS\Lab3\TreetypeRepresentaionAndInterpretationOfArithmetical_task\Project3\Users_functions.h(13,49): warning C4290: спецификация исключений C++ игнорируется, кроме случая, когда указывается, что функция не является __declspec(nothrow)
C:\Users\pilip\git\SDiIS\Lab3\TreetypeRepresentaionAndInterpretationOfArithmetical_task\Project3\Users_functions.cpp(3,60): warning C4290: спецификация исключений C++ игнорируется, кроме случая, когда указывается, что функция не является __declspec(nothrow)
C:\Users\pilip\git\SDiIS\Lab3\TreetypeRepresentaionAndInterpretationOfArithmetical_task\Project3\Users_functions.cpp(15,36): warning C4018: <: несоответствие типов со знаком и без знака
C:\Users\pilip\git\SDiIS\Lab3\TreetypeRepresentaionAndInterpretationOfArithmetical_task\Project3\Users_functions.cpp(35,15): warning C4244: =: преобразование "double" в "int", возможна потеря данных
C:\Users\pilip\git\SDiIS\Lab3\TreetypeRepresentaionAndInterpretationOfArithmetical_task\Project3\Users_functions.cpp(42,60): warning C4290: спецификация исключений C++ игнорируется, кроме случая, когда указывается, что функция не является __declspec(nothrow)
C:\Users\pilip\git\SDiIS\Lab3\TreetypeRepresentaionAndInterpretationOfArithmetical_task\Project3\Users_functions.cpp(54,36): warning C4018: <: несоответствие типов со знаком и без знака
C:\Users\pilip\git\SDiIS\Lab3\TreetypeRepresentaionAndInterpretationOfArithmetical_task\Project3\Users_functions.cpp(73,15): warning C4244: =: преобразование "double" в "int", возможна потеря данных
C:\Users\pilip\git\SDiIS\Lab3\TreetypeRepresentaionAndInterpretationOfArithmetical_task\Project3\Users_functions.cpp(80,59): warning C4290: спецификация исключений C++ игнорируется, кроме случая, когда указывается, что функция не является __declspec(nothrow)
C:\Users\pilip\git\SDiIS\Lab3\TreetypeRepresentaionAndInterpretationOfArithmetical_task\Project3\Users_functions.cpp(92,36): warning C4018: <: несоответствие типов со знаком и без знака
C:\Users\pilip\git\SDiIS\Lab3\TreetypeRepresentaionAndInterpretationOfArithmetical_task\Project3\Users_functions.cpp(111,15): warning C4244: =: преобразование "double" в "int", возможна потеря данных
C:\Users\pilip\git\SDiIS\Lab3\TreetypeRepresentaionAndInterpretationOfArithmetical_task\Project3\Users_functions.cpp(118,60): warning C4290: спецификация исключений C++ игнорируется, кроме случая, когда указывается, что функция не является __declspec(nothrow)
C:\Users\pilip\git\SDiIS\Lab3\TreetypeRepresentaionAndInterpretationOfArithmetical_task\Project3\Users_functions.cpp(130,36): warning C4018: <: несоответствие типов со знаком и без знака
C:\Users\pilip\git\SDiIS\Lab3\TreetypeRepresentaionAndInterpretationOfArithmetical_task\Project3\Users_functions.cpp(149,14): warning C4244: =: преобразование "double" в "int", возможна потеря данных
C:\Users\pilip\git\SDiIS\Lab3\TreetypeRepresentaionAndInterpretationOfArithmetical_task\Project3\Users_functions.cpp(156,61): warning C4290: спецификация исключений C++ игнорируется, кроме случая, когда указывается, что функция не является __declspec(nothrow)
C:\Users\pilip\git\SDiIS\Lab3\TreetypeRepresentaionAndInterpretationOfArithmetical_task\Project3\Users_functions.cpp(168,36): warning C4018: <: несоответствие типов со знаком и без знака
C:\Users\pilip\git\SDiIS\Lab3\TreetypeRepresentaionAndInterpretationOfArithmetical_task\Project3\Users_functions.cpp(187,16): warning C4244: =: преобразование "double" в "int", возможна потеря данных
C:\Users\pilip\git\SDiIS\Lab3\TreetypeRepresentaionAndInterpretationOfArithmetical_task\Project3\Users_functions.cpp(194,60): warning C4290: спецификация исключений C++ игнорируется, кроме случая, когда указывается, что функция не является __declspec(nothrow)
C:\Users\pilip\git\SDiIS\Lab3\TreetypeRepresentaionAndInterpretationOfArithmetical_task\Project3\Users_functions.cpp(206,36): warning C4018: <: несоответствие типов со знаком и без знака
C:\Users\pilip\git\SDiIS\Lab3\TreetypeRepresentaionAndInterpretationOfArithmetical_task\Project3\Users_functions.cpp(226,15): warning C4244: =: преобразование "double" в "int", возможна потеря данных
  Создание кода...
C:\Users\pilip\git\SDiIS\Lab3\TreetypeRepresentaionAndInterpretationOfArithmetical_task\Project3\Expression_tree.cpp(102): warning C4715: Expression_tree::compute: значение возвращается не при всех путях выполнения
  Project3.vcxproj -> C:\Users\pilip\git\SDiIS\Lab3\TreetypeRepresentaionAndInterpretationOfArithmetical_task\Debug\TreetypeRepresentationAndInterpretationOfArithmeticalTasks.exe
