  UndirectedGraph.cpp
C:\Users\pilip\git\SDiIS\Lab4\UndirectedGraph\UndirectedGraph\UndirectedGraph.hpp(450,1): warning C4290: спецификация исключений C++ игнорируется, кроме случая, когда указывается, что функция не является __declspec(nothrow)
C:\Users\pilip\git\SDiIS\Lab4\UndirectedGraph\UndirectedGraph\UndirectedGraph.hpp(634): message : выполняется компиляция ссылки на экземпляр класс шаблон функции "Undirected_graph<Value_type>"
C:\Users\pilip\git\SDiIS\Lab4\UndirectedGraph\UndirectedGraph\UndirectedGraph.hpp(451,1): warning C4290: спецификация исключений C++ игнорируется, кроме случая, когда указывается, что функция не является __declspec(nothrow)
C:\Users\pilip\git\SDiIS\Lab4\UndirectedGraph\UndirectedGraph\UndirectedGraph.hpp(462,1): warning C4290: спецификация исключений C++ игнорируется, кроме случая, когда указывается, что функция не является __declspec(nothrow)
C:\Users\pilip\git\SDiIS\Lab4\UndirectedGraph\UndirectedGraph\UndirectedGraph.hpp(463,1): warning C4290: спецификация исключений C++ игнорируется, кроме случая, когда указывается, что функция не является __declspec(nothrow)
C:\Users\pilip\git\SDiIS\Lab4\UndirectedGraph\UndirectedGraph\UndirectedGraph.hpp(714,1): warning C4290: спецификация исключений C++ игнорируется, кроме случая, когда указывается, что функция не является __declspec(nothrow)
C:\Users\pilip\git\SDiIS\Lab4\UndirectedGraph\UndirectedGraph\UndirectedGraph.hpp(731,1): warning C4290: спецификация исключений C++ игнорируется, кроме случая, когда указывается, что функция не является __declspec(nothrow)
C:\Users\pilip\git\SDiIS\Lab4\UndirectedGraph\UndirectedGraph\UndirectedGraph.hpp(807,1): warning C4290: спецификация исключений C++ игнорируется, кроме случая, когда указывается, что функция не является __declspec(nothrow)
C:\Users\pilip\git\SDiIS\Lab4\UndirectedGraph\UndirectedGraph\UndirectedGraph.hpp(833,1): warning C4290: спецификация исключений C++ игнорируется, кроме случая, когда указывается, что функция не является __declspec(nothrow)
C:\Users\pilip\git\SDiIS\Lab4\UndirectedGraph\UndirectedGraph\UndirectedGraph.hpp(668,20): warning C4018: <: несоответствие типов со знаком и без знака
C:\Users\pilip\git\SDiIS\Lab4\UndirectedGraph\UndirectedGraph\UndirectedGraph.hpp(667): message : во время компиляции функции-члена класс шаблон "int Undirected_graph<int>::find_index_of_vertex(Value_type)"
          with
          [
              Value_type=int
          ]
C:\Users\pilip\git\SDiIS\Lab4\UndirectedGraph\UndirectedGraph\UndirectedGraph.hpp(623): message : выполняется компиляция ссылки на экземпляр шаблон функции "int Undirected_graph<int>::find_index_of_vertex(Value_type)"
          with
          [
              Value_type=int
          ]
C:\Users\pilip\git\SDiIS\Lab4\UndirectedGraph\UndirectedGraph\UndirectedGraph.cpp(12): message : выполняется компиляция ссылки на экземпляр класс шаблон функции "Undirected_graph<int>"
C:\Users\pilip\git\SDiIS\Lab4\UndirectedGraph\UndirectedGraph\UndirectedGraph.hpp(679,20): warning C4018: <: несоответствие типов со знаком и без знака
C:\Users\pilip\git\SDiIS\Lab4\UndirectedGraph\UndirectedGraph\UndirectedGraph.hpp(678): message : во время компиляции функции-члена класс шаблон "int Undirected_graph<int>::find_first_edge_in_line(int)"
C:\Users\pilip\git\SDiIS\Lab4\UndirectedGraph\UndirectedGraph\UndirectedGraph.hpp(615): message : выполняется компиляция ссылки на экземпляр шаблон функции "int Undirected_graph<int>::find_first_edge_in_line(int)"
C:\Users\pilip\git\SDiIS\Lab4\UndirectedGraph\UndirectedGraph\UndirectedGraph.hpp(903,20): warning C4018: <: несоответствие типов со знаком и без знака
C:\Users\pilip\git\SDiIS\Lab4\UndirectedGraph\UndirectedGraph\UndirectedGraph.hpp(901): message : во время компиляции функции-члена класс шаблон "void Undirected_graph<int>::remove_vertex_by_iterator(Undirected_graph<int>::Iterator_vertexes)"
C:\Users\pilip\git\SDiIS\Lab4\UndirectedGraph\UndirectedGraph\UndirectedGraph.cpp(87): message : выполняется компиляция ссылки на экземпляр шаблон функции "void Undirected_graph<int>::remove_vertex_by_iterator(Undirected_graph<int>::Iterator_vertexes)"
C:\Users\pilip\git\SDiIS\Lab4\UndirectedGraph\UndirectedGraph\UndirectedGraph.hpp(906,22): warning C4018: <: несоответствие типов со знаком и без знака
  UndirectedGraph.vcxproj -> C:\Users\pilip\git\SDiIS\Lab4\UndirectedGraph\Debug\UndirectedGraph.exe
